<?xml version="1.0" encoding="UTF-8"?>
<!-- Generated by org.testng.reporters.JUnitReportReporter -->
<testsuite hostname="DESKTOP-TL6E7AH" failures="0" tests="1" name="CRUDwithPojo.CreateProjectWithPojo" time="2.858" errors="0" timestamp="2024-03-21T15:29:03 IST" skipped="0">
  <testcase classname="CRUDwithPojo.CreateProjectWithPojo" name="createProjectWithPojo" time="2.858"/>
</testsuite> <!-- CRUDwithPojo.CreateProjectWithPojo -->
