<?xml version="1.0" encoding="UTF-8"?>
<!-- Generated by org.testng.reporters.JUnitReportReporter -->
<testsuite hostname="DESKTOP-TL6E7AH" failures="0" tests="1" name="Auth.BearerAuth" time="4.796" errors="0" timestamp="2024-03-22T12:33:47 IST" skipped="0">
  <testcase classname="Auth.BearerAuth" name="bearerAuth" time="4.796"/>
</testsuite> <!-- Auth.BearerAuth -->
