<?xml version="1.0" encoding="UTF-8"?>
<!-- Generated by org.testng.reporters.JUnitReportReporter -->
<testsuite hostname="DESKTOP-TL6E7AH" failures="0" tests="1" name="CRUDwithoutBDD.CreateProject" time="2.865" errors="0" timestamp="2024-03-21T10:54:08 IST" skipped="0">
  <testcase classname="CRUDwithoutBDD.CreateProject" name="createProject" time="2.865"/>
</testsuite> <!-- CRUDwithoutBDD.CreateProject -->
