<?xml version="1.0" encoding="UTF-8"?>
<!-- Generated by org.testng.reporters.JUnitReportReporter -->
<testsuite hostname="DESKTOP-TL6E7AH" failures="0" tests="1" name="SerialAndDeserial.ComplexObject" time="0.557" errors="0" timestamp="2024-03-22T17:04:06 IST" skipped="0">
  <testcase classname="SerialAndDeserial.ComplexObject" name="complexDeserial" time="0.557"/>
</testsuite> <!-- SerialAndDeserial.ComplexObject -->
