<?xml version="1.0" encoding="UTF-8"?>
<!-- Generated by org.testng.reporters.JUnitReportReporter -->
<testsuite hostname="DESKTOP-TL6E7AH" failures="0" tests="1" name="CRUDwithoutBDD.DeleteProject" time="2.222" errors="0" timestamp="2024-03-21T12:07:31 IST" skipped="0">
  <testcase classname="CRUDwithoutBDD.DeleteProject" name="deleteProject" time="2.222"/>
</testsuite> <!-- CRUDwithoutBDD.DeleteProject -->
