<?xml version="1.0" encoding="UTF-8"?>
<!-- Generated by org.testng.reporters.JUnitReportReporter -->
<testsuite hostname="DESKTOP-TL6E7AH" failures="0" tests="2" name="SerialAndDeserial.ComplexSerial" time="0.505" errors="0" timestamp="2024-03-22T16:26:23 IST" skipped="0">
  <testcase classname="SerialAndDeserial.ComplexSerial" name="serialArray" time="0.033"/>
  <testcase classname="SerialAndDeserial.ComplexSerial" name="deserailArray" time="0.472"/>
</testsuite> <!-- SerialAndDeserial.ComplexSerial -->
