<?xml version="1.0" encoding="UTF-8"?>
<!-- Generated by org.testng.reporters.JUnitReportReporter -->
<testsuite hostname="DESKTOP-TL6E7AH" failures="0" tests="1" name="Practice.CreateProjectWithCRUD" time="3.797" errors="0" timestamp="2024-03-26T09:11:17 IST" skipped="0">
  <testcase classname="Practice.CreateProjectWithCRUD" name="createProject" time="3.797"/>
</testsuite> <!-- Practice.CreateProjectWithCRUD -->
