<?xml version="1.0" encoding="UTF-8"?>
<!-- Generated by org.testng.reporters.JUnitReportReporter -->
<testsuite hostname="DESKTOP-TL6E7AH" failures="0" tests="1" name="CRUDwithBDD.CreateProject" time="3.808" errors="0" timestamp="2024-03-21T17:37:40 IST" skipped="0">
  <testcase classname="CRUDwithBDD.CreateProject" name="createProject" time="3.808"/>
</testsuite> <!-- CRUDwithBDD.CreateProject -->
