<?xml version="1.0" encoding="UTF-8"?>
<!-- Generated by org.testng.reporters.JUnitReportReporter -->
<testsuite hostname="DESKTOP-TL6E7AH" failures="0" tests="1" name="Practice.CreateProject" time="31.409" errors="0" timestamp="2024-03-26T15:19:11 IST" skipped="0">
  <testcase classname="Practice.CreateProject" name="createProject" time="31.409"/>
</testsuite> <!-- Practice.CreateProject -->
