<?xml version="1.0" encoding="UTF-8"?>
<!-- Generated by org.testng.reporters.JUnitReportReporter -->
<testsuite hostname="DESKTOP-TL6E7AH" failures="0" tests="1" name="Practice.VerifyInUI" time="16.628" errors="0" timestamp="2024-03-25T18:37:24 IST" skipped="0">
  <testcase classname="Practice.VerifyInUI" name="createProject" time="16.628"/>
</testsuite> <!-- Practice.VerifyInUI -->
