<?xml version="1.0" encoding="UTF-8"?>
<!-- Generated by org.testng.reporters.JUnitReportReporter -->
<testsuite hostname="DESKTOP-TL6E7AH" failures="0" tests="3" name="Dataprovider.DataProviderTest" time="47.531" errors="0" timestamp="2024-03-22T11:20:00 IST" skipped="0">
  <testcase classname="Dataprovider.DataProviderTest" name="createProject" time="21.356"/>
  <testcase classname="Dataprovider.DataProviderTest" name="createProject" time="1.895"/>
  <testcase classname="Dataprovider.DataProviderTest" name="createProject" time="24.280"/>
</testsuite> <!-- Dataprovider.DataProviderTest -->
