<?xml version="1.0" encoding="UTF-8"?>
<!-- Generated by org.testng.reporters.JUnitReportReporter -->
<testsuite hostname="DESKTOP-TL6E7AH" failures="0" tests="2" name="Validation.ReqresValidation" time="4.390" errors="0" timestamp="2024-03-22T09:16:23 IST" skipped="0">
  <testcase classname="Validation.ReqresValidation" name="validateStaticResponse" time="0.321"/>
  <testcase classname="Validation.ReqresValidation" name="validateDynamicResponse" time="4.069"/>
</testsuite> <!-- Validation.ReqresValidation -->
