<?xml version="1.0" encoding="UTF-8"?>
<!-- Generated by org.testng.reporters.JUnitReportReporter -->
<testsuite hostname="DESKTOP-TL6E7AH" failures="0" tests="1" name="DifferentWaysToPost.CreateProjectWithJsonFile" time="2.240" errors="0" timestamp="2024-03-21T13:20:04 IST" skipped="0">
  <testcase classname="DifferentWaysToPost.CreateProjectWithJsonFile" name="createProject" time="2.240"/>
</testsuite> <!-- DifferentWaysToPost.CreateProjectWithJsonFile -->
