<?xml version="1.0" encoding="UTF-8"?>
<!-- Generated by org.testng.reporters.JUnitReportReporter -->
<testsuite hostname="DESKTOP-TL6E7AH" failures="0" tests="1" name="CRUDwithoutBDD.GetProject" time="2.942" errors="0" timestamp="2024-03-21T11:59:59 IST" skipped="0">
  <testcase classname="CRUDwithoutBDD.GetProject" name="getProject" time="2.942"/>
</testsuite> <!-- CRUDwithoutBDD.GetProject -->
