<?xml version="1.0" encoding="UTF-8"?>
<!-- Generated by org.testng.reporters.JUnitReportReporter -->
<testsuite hostname="DESKTOP-TL6E7AH" failures="0" tests="1" name="Validation.ValidationStaticAndDynamic" time="3.544" errors="0" timestamp="2024-03-21T16:26:55 IST" skipped="0">
  <testcase classname="Validation.ValidationStaticAndDynamic" name="dynamicValidation" time="3.544"/>
</testsuite> <!-- Validation.ValidationStaticAndDynamic -->
