<?xml version="1.0" encoding="UTF-8"?>
<!-- Generated by org.testng.reporters.JUnitReportReporter -->
<testsuite hostname="DESKTOP-TL6E7AH" failures="0" tests="1" name="ReqresWithBDD.GetSingleUser" time="2.855" errors="0" timestamp="2024-03-21T14:52:04 IST" skipped="0">
  <testcase classname="ReqresWithBDD.GetSingleUser" name="singleUser" time="2.855"/>
</testsuite> <!-- ReqresWithBDD.GetSingleUser -->
