<?xml version="1.0" encoding="UTF-8"?>
<!-- Generated by org.testng.reporters.JUnitReportReporter -->
<testsuite hostname="DESKTOP-TL6E7AH" failures="0" tests="1" name="ReqresWithoutBDD.GetAllUsers" time="2.767" errors="0" timestamp="2024-03-21T14:38:17 IST" skipped="0">
  <testcase classname="ReqresWithoutBDD.GetAllUsers" name="allUsers" time="2.767"/>
</testsuite> <!-- ReqresWithoutBDD.GetAllUsers -->
