<?xml version="1.0" encoding="UTF-8"?>
<!-- Generated by org.testng.reporters.JUnitReportReporter -->
<testsuite hostname="DESKTOP-TL6E7AH" failures="0" tests="1" name="Practice.CreateProject" time="23.851" errors="0" timestamp="2024-03-26T09:08:08 IST" skipped="0">
  <testcase classname="Practice.CreateProject" name="createProject" time="23.851"/>
</testsuite> <!-- Practice.CreateProject -->
