<?xml version="1.0" encoding="UTF-8"?>
<!-- Generated by org.testng.reporters.JUnitReportReporter -->
<testsuite hostname="DESKTOP-TL6E7AH" failures="0" tests="1" name="Practice.VerifyInUI" time="18.556" errors="0" timestamp="2024-03-26T15:19:58 IST" skipped="0">
  <testcase classname="Practice.VerifyInUI" name="createProject" time="18.556"/>
</testsuite> <!-- Practice.VerifyInUI -->
