<?xml version="1.0" encoding="UTF-8"?>
<!-- Generated by org.testng.reporters.JUnitReportReporter -->
<testsuite hostname="DESKTOP-TL6E7AH" failures="0" tests="1" name="ReqresWithoutBDD.GetSingleUser" time="3.262" errors="0" timestamp="2024-03-21T14:33:16 IST" skipped="0">
  <testcase classname="ReqresWithoutBDD.GetSingleUser" name="signleUser" time="3.262"/>
</testsuite> <!-- ReqresWithoutBDD.GetSingleUser -->
