<?xml version="1.0" encoding="UTF-8"?>
<!-- Generated by org.testng.reporters.JUnitReportReporter -->
<testsuite hostname="DESKTOP-TL6E7AH" failures="0" tests="1" name="CRUDwithoutBDD.UpdateProject" time="2.686" errors="0" timestamp="2024-03-21T11:20:54 IST" skipped="0">
  <testcase classname="CRUDwithoutBDD.UpdateProject" name="updateProject" time="2.686"/>
</testsuite> <!-- CRUDwithoutBDD.UpdateProject -->
