<?xml version="1.0" encoding="UTF-8"?>
<!-- Generated by org.testng.reporters.JUnitReportReporter -->
<testsuite hostname="DESKTOP-TL6E7AH" failures="0" tests="4" name="Dataprovider.DataProviderTest" time="3.006" errors="0" timestamp="2024-03-22T11:24:27 IST" skipped="0">
  <testcase classname="Dataprovider.DataProviderTest" name="createProject" time="0.080"/>
  <testcase classname="Dataprovider.DataProviderTest" name="createProject" time="0.086"/>
  <testcase classname="Dataprovider.DataProviderTest" name="createProject" time="0.070"/>
  <testcase classname="Dataprovider.DataProviderTest" name="createProject" time="2.770"/>
</testsuite> <!-- Dataprovider.DataProviderTest -->
