<?xml version="1.0" encoding="UTF-8"?>
<!-- Generated by org.testng.reporters.JUnitReportReporter -->
<testsuite hostname="DESKTOP-TL6E7AH" failures="0" tests="1" name="ReqresWithBDD.CreateUser" time="4.229" errors="0" timestamp="2024-03-21T14:47:32 IST" skipped="0">
  <testcase classname="ReqresWithBDD.CreateUser" name="createUser" time="4.229"/>
</testsuite> <!-- ReqresWithBDD.CreateUser -->
