<?xml version="1.0" encoding="UTF-8"?>
<!-- Generated by org.testng.reporters.JUnitReportReporter -->
<testsuite hostname="DESKTOP-TL6E7AH" failures="0" tests="1" name="SerialAndDeserial.SerialAndDeserialization" time="0.401" errors="0" timestamp="2024-03-22T15:26:31 IST" skipped="0">
  <testcase classname="SerialAndDeserial.SerialAndDeserialization" name="deserialization" time="0.401"/>
</testsuite> <!-- SerialAndDeserial.SerialAndDeserialization -->
