<?xml version="1.0" encoding="UTF-8"?>
<!-- Generated by org.testng.reporters.JUnitReportReporter -->
<testsuite hostname="DESKTOP-TL6E7AH" failures="0" tests="1" name="DifferentWaysToPost.CreateProjectWithHash" time="3.216" errors="0" timestamp="2024-03-21T13:09:38 IST" skipped="0">
  <testcase classname="DifferentWaysToPost.CreateProjectWithHash" name="createProject" time="3.216"/>
</testsuite> <!-- DifferentWaysToPost.CreateProjectWithHash -->
