<?xml version="1.0" encoding="UTF-8"?>
<!-- Generated by org.testng.reporters.JUnitReportReporter -->
<testsuite hostname="DESKTOP-TL6E7AH" failures="0" tests="1" name="RequestChaining.ChainingRequest" time="13.136" errors="0" timestamp="2024-03-22T10:37:49 IST" skipped="0">
  <testcase classname="RequestChaining.ChainingRequest" name="createProject" time="13.136"/>
</testsuite> <!-- RequestChaining.ChainingRequest -->
