<?xml version="1.0" encoding="UTF-8"?>
<!-- Generated by org.testng.reporters.JUnitReportReporter -->
<testsuite hostname="DESKTOP-TL6E7AH" failures="0" tests="1" name="shopperStack.RegisterShopper" time="4.853" errors="0" timestamp="2024-03-26T18:38:21 IST" skipped="0">
  <testcase classname="shopperStack.RegisterShopper" name="registerShopper" time="4.853"/>
</testsuite> <!-- shopperStack.RegisterShopper -->
