<?xml version="1.0" encoding="UTF-8"?>
<!-- Generated by org.testng.reporters.JUnitReportReporter -->
<testsuite hostname="DESKTOP-TL6E7AH" failures="0" tests="1" name="CRUDwithBDD.GetSingleProject" time="2.367" errors="0" timestamp="2024-03-21T12:41:00 IST" skipped="0">
  <testcase classname="CRUDwithBDD.GetSingleProject" name="getSingleProject" time="2.367"/>
</testsuite> <!-- CRUDwithBDD.GetSingleProject -->
