<?xml version="1.0" encoding="UTF-8"?>
<!-- Generated by org.testng.reporters.JUnitReportReporter -->
<testsuite hostname="DESKTOP-TL6E7AH" failures="0" tests="1" name="CRUDwithBDD.UpdateProject" time="2.901" errors="0" timestamp="2024-03-21T12:34:46 IST" skipped="0">
  <testcase classname="CRUDwithBDD.UpdateProject" name="updateProject" time="2.901"/>
</testsuite> <!-- CRUDwithBDD.UpdateProject -->
