<?xml version="1.0" encoding="UTF-8"?>
<!-- Generated by org.testng.reporters.JUnitReportReporter -->
<testsuite hostname="DESKTOP-TL6E7AH" failures="0" tests="1" name="Validation.ResponseTime" time="2.463" errors="0" timestamp="2024-03-21T17:41:23 IST" skipped="0">
  <testcase classname="Validation.ResponseTime" name="responseTime" time="2.463"/>
</testsuite> <!-- Validation.ResponseTime -->
