<?xml version="1.0" encoding="UTF-8"?>
<!-- Generated by org.testng.reporters.JUnitReportReporter -->
<testsuite hostname="DESKTOP-TL6E7AH" failures="0" tests="1" name="Auth.DifferentAuth" time="2.584" errors="0" timestamp="2024-03-22T12:03:36 IST" skipped="0">
  <testcase classname="Auth.DifferentAuth" name="basicAuth" time="2.584"/>
</testsuite> <!-- Auth.DifferentAuth -->
