<?xml version="1.0" encoding="UTF-8"?>
<!-- Generated by org.testng.reporters.JUnitReportReporter -->
<testsuite hostname="DESKTOP-TL6E7AH" failures="0" tests="1" name="Auth.OAuth2" time="4.386" errors="0" timestamp="2024-03-22T13:32:20 IST" skipped="0">
  <testcase classname="Auth.OAuth2" name="oAuth2" time="4.386"/>
</testsuite> <!-- Auth.OAuth2 -->
